
> frontend@0.0.0 build
> vue-tsc -b && vite build

src/components/MemberPrintView.vue(4,7): error TS6133: 'props' is declared but its value is never read.
tsconfig.app.json(11,5): error TS5023: Unknown compiler option 'erasableSyntaxOnly'.
error TS2688: Cannot find type definition file for 'node'.
  The file is in the program because:
    Entry point of type library 'node' specified in compilerOptions
tsconfig.node.json(21,5): error TS5023: Unknown compiler option 'erasableSyntaxOnly'.
